<?xml version="1.0" encoding="UTF-8"?>
<!-- Generated by org.testng.reporters.JUnitReportReporter -->
<testsuite skipped="0" hostname="HEMA-PC" name="Test.PracMouseOverOperation$testseq" tests="3" failures="0" timestamp="30 Jun 2020 13:05:09 GMT" time="0.005" errors="0">
  <testcase name="testcase2" time="0.005" classname="Test.PracMouseOverOperation$testseq"/>
  <testcase name="testcase1" time="0.000" classname="Test.PracMouseOverOperation$testseq"/>
  <testcase name="testcase1" time="0.000" classname="Test.PracMouseOverOperation$testseq"/>
</testsuite> <!-- Test.PracMouseOverOperation$testseq -->
