<?xml version="1.0" encoding="UTF-8"?>
<!-- Generated by org.testng.reporters.JUnitReportReporter -->
<testsuite skipped="0" hostname="HEMA-PC" name="Contacts.CreateContacts" tests="1" failures="0" timestamp="06 Jul 2020 06:50:40 GMT" time="35.865" errors="0">
  <testcase name="Contacts" time="35.865" classname="Contacts.CreateContacts"/>
</testsuite> <!-- Contacts.CreateContacts -->
