<?xml version="1.0" encoding="UTF-8"?>
<!-- Generated by org.testng.reporters.JUnitReportReporter -->
<testsuite skipped="0" hostname="HEMA-PC" name="Test.NaukriWebpage" tests="1" failures="0" timestamp="30 Jun 2020 12:02:04 GMT" time="23.427" errors="0">
  <testcase name="naukri" time="23.427" classname="Test.NaukriWebpage"/>
</testsuite> <!-- Test.NaukriWebpage -->
