<?xml version="1.0" encoding="UTF-8"?>
<!-- Generated by org.testng.reporters.JUnitReportReporter -->
<testsuite skipped="0" hostname="HEMA-PC" name="TestNGPackage.Annotation_sequences" tests="3" failures="0" timestamp="02 Jul 2020 04:31:31 GMT" time="0.014" errors="0">
  <testcase name="testCase2" time="0.008" classname="TestNGPackage.Annotation_sequences"/>
  <testcase name="testCase1" time="0.002" classname="TestNGPackage.Annotation_sequences"/>
  <testcase name="testCase1" time="0.004" classname="TestNGPackage.Annotation_sequences"/>
</testsuite> <!-- TestNGPackage.Annotation_sequences -->
