<?xml version="1.0" encoding="UTF-8"?>
<!-- Generated by org.testng.reporters.JUnitReportReporter -->
<testsuite skipped="0" hostname="HEMA-PC" name="Test.PracMouseOverOperation" tests="1" failures="0" timestamp="30 Jun 2020 11:29:05 GMT" time="54.575" errors="0">
  <testcase name="Childwindow" time="54.575" classname="Test.PracMouseOverOperation"/>
</testsuite> <!-- Test.PracMouseOverOperation -->
